<?xml version="1.0" encoding="UTF-8"?>
<testsuite name="customerCustomerRepository.Functional Testing" tests="3" failures="0" errors="0" time="18.02"><properties><property name="java.specification.version" value="13"/><property name="sun.cpu.isalist" value="amd64"/><property name="sun.jnu.encoding" value="Cp1252"/><property name="sun.arch.data.model" value="64"/><property name="java.vendor.url" value="https://java.oracle.com/"/><property name="sun.boot.library.path" value="C:\Program Files\Java\jdk-13.0.1\bin"/><property name="sun.java.command" value="org.codehaus.plexus.classworlds.launcher.Launcher site"/><property name="jdk.debug" value="release"/><property name="maven.home" value="C:\Users\KahakashanParveen\Downloads\apache-maven-3.6.2-bin\apache-maven-3.6.2\bin\.."/><property name="sun.stderr.encoding" value="cp437"/><property name="java.specification.vendor" value="Oracle Corporation"/><property name="java.version.date" value="2019-10-15"/><property name="java.home" value="C:\Program Files\Java\jdk-13.0.1"/><property name="file.separator" value="\"/><property name="java.vm.compressedOopsMode" value="Zero based"/><property name="line.separator" value="
"/><property name="sun.stdout.encoding" value="cp437"/><property name="java.vm.specification.vendor" value="Oracle Corporation"/><property name="java.specification.name" value="Java Platform API Specification"/><property name="soapui.browser.disabled" value="true"/><property name="user.script" value=""/><property name="sun.management.compiler" value="HotSpot 64-Bit Tiered Compilers"/><property name="java.runtime.version" value="13.0.1+9"/><property name="user.name" value="KahakashanParveen"/><property name="file.encoding" value="Cp1252"/><property name="guice.disable.misplaced.annotation.check" value="true"/><property name="java.io.tmpdir" value="C:\Users\KAHAKA~1\AppData\Local\Temp\"/><property name="java.version" value="13.0.1"/><property name="java.vm.specification.name" value="Java Virtual Machine Specification"/><property name="sun.os.patch.level" value=""/><property name="java.library.path" value="C:\Program Files\Java\jdk-13.0.1\bin;C:\windows\Sun\Java\bin;C:\windows\system32;C:\windows;C:\windows\system32;C:\windows;C:\windows\System32\Wbem;C:\windows\System32\WindowsPowerShell\v1.0\;C:\windows\System32\OpenSSH\;C:\Program Files (x86)\PuTTY\;C:\Program Files\nodejs\;C:\ProgramData\chocolatey\bin;C:\Program Files\CrashPlan\jre\bin\server\;C:\Program Files\CrashPlan\jre\bin\;C:\Program Files\Git\cmd;C:\Program Files\Git\mingw64\bin;C:\Program Files\Git\usr\bin;C:\PROGRA~2\Groovy\GROOVY~1.0\bin;C:\Users\KahakashanParveen\Downloads\apache-maven-3.6.2-bin\apache-maven-3.6.2\bin;C:\Program Files\Java\jdk-13.0.1\bin;C:\Program Files\Java\jdk-13.0.1\bin,C:\Users\KahakashanParveen\Downloads\apache-maven-3.6.2-bin\apache-maven-3.6.2\bin;."/><property name="java.vendor" value="Oracle Corporation"/><property name="classworlds.conf" value="C:\Users\KahakashanParveen\Downloads\apache-maven-3.6.2-bin\apache-maven-3.6.2\bin\..\bin\m2.conf"/><property name="sun.io.unicode.encoding" value="UnicodeLittle"/><property name="library.jansi.path" value="C:\Users\KahakashanParveen\Downloads\apache-maven-3.6.2-bin\apache-maven-3.6.2\bin\..\lib\jansi-native"/><property name="java.class.path" value="C:\Users\KahakashanParveen\Downloads\apache-maven-3.6.2-bin\apache-maven-3.6.2\bin\..\boot\plexus-classworlds-2.6.0.jar"/><property name="sun.awt.enableExtraMouseButtons" value="true"/><property name="java.vm.vendor" value="Oracle Corporation"/><property name="user.variant" value=""/><property name="user.timezone" value="Asia/Calcutta"/><property name="maven.conf" value="C:\Users\KahakashanParveen\Downloads\apache-maven-3.6.2-bin\apache-maven-3.6.2\bin\../conf"/><property name="java.vm.specification.version" value="13"/><property name="os.name" value="Windows 10"/><property name="sun.java.launcher" value="SUN_STANDARD"/><property name="user.country" value="IN"/><property name="sun.cpu.endian" value="little"/><property name="user.home" value="C:\Users\KahakashanParveen"/><property name="user.language" value="en"/><property name="path.separator" value=";"/><property name="os.version" value="10.0"/><property name="java.runtime.name" value="Java(TM) SE Runtime Environment"/><property name="java.vm.name" value="Java HotSpot(TM) 64-Bit Server VM"/><property name="java.vendor.url.bug" value="https://bugreport.java.com/bugreport/"/><property name="user.dir" value="C:\Users\KahakashanParveen\Desktop\my project\my-soap1"/><property name="os.arch" value="amd64"/><property name="maven.multiModuleProjectDirectory" value="C:\Users\KahakashanParveen\Desktop\my project\my-soap1"/><property name="java.vm.info" value="mixed mode, sharing"/><property name="java.vm.version" value="13.0.1+9"/><property name="java.class.version" value="57.0"/></properties><testcase name="Customer creation" time="8.015"/><testcase name="Customer creation" time="4.887"/><testcase name="EndToEnd" time="5.118"/></testsuite>